  [1m[36m (454.9ms)[0m  [1mCREATE DATABASE "api_development" ENCODING = 'unicode'[0m
  [1m[35m (25.7ms)[0m  CREATE TABLE "schema_migrations" ("version" character varying(255) NOT NULL) 
  [1m[36m (3.7ms)[0m  [1mCREATE UNIQUE INDEX  "unique_schema_migrations" ON "schema_migrations"  ("version")[0m
  [1m[35mActiveRecord::SchemaMigration Load (0.5ms)[0m  SELECT "schema_migrations".* FROM "schema_migrations"
Migrating to DeviseCreateAdminUsers (20140730121842)
  [1m[36m (0.2ms)[0m  [1mBEGIN[0m
  [1m[35m (25.3ms)[0m  CREATE TABLE "admin_users" ("id" serial primary key, "email" character varying(255) DEFAULT '' NOT NULL, "encrypted_password" character varying(255) DEFAULT '' NOT NULL, "reset_password_token" character varying(255), "reset_password_sent_at" timestamp, "remember_created_at" timestamp, "sign_in_count" integer DEFAULT 0 NOT NULL, "current_sign_in_at" timestamp, "last_sign_in_at" timestamp, "current_sign_in_ip" character varying(255), "last_sign_in_ip" character varying(255), "created_at" timestamp, "updated_at" timestamp) 
  [1m[36m (1.6ms)[0m  [1mCREATE UNIQUE INDEX  "index_admin_users_on_email" ON "admin_users"  ("email")[0m
  [1m[35m (1.3ms)[0m  CREATE UNIQUE INDEX  "index_admin_users_on_reset_password_token" ON "admin_users"  ("reset_password_token")
  [1m[36mAdminUser Exists (1.2ms)[0m  [1mSELECT  1 AS one FROM "admin_users"  WHERE "admin_users"."email" = 'admin@example.com' LIMIT 1[0m
  [1m[35mSQL (17.1ms)[0m  INSERT INTO "admin_users" ("created_at", "email", "encrypted_password", "updated_at") VALUES ($1, $2, $3, $4) RETURNING "id"  [["created_at", "2014-07-30 12:23:20.849249"], ["email", "admin@example.com"], ["encrypted_password", "$2a$10$K2EE4jlVvAcqc5zHp5zAFuf3X4mBWxav0xCgGk8dUDSHDQz4lj6/i"], ["updated_at", "2014-07-30 12:23:20.849249"]]
  [1m[36mSQL (0.4ms)[0m  [1mINSERT INTO "schema_migrations" ("version") VALUES ($1)[0m  [["version", "20140730121842"]]
  [1m[35m (1.0ms)[0m  COMMIT
Migrating to CreateActiveAdminComments (20140730121850)
  [1m[36m (0.3ms)[0m  [1mBEGIN[0m
  [1m[35m (3.2ms)[0m  CREATE TABLE "active_admin_comments" ("id" serial primary key, "namespace" character varying(255), "body" text, "resource_id" character varying(255) NOT NULL, "resource_type" character varying(255) NOT NULL, "author_id" integer, "author_type" character varying(255), "created_at" timestamp, "updated_at" timestamp) 
  [1m[36m (6.6ms)[0m  [1mCREATE  INDEX  "index_active_admin_comments_on_namespace" ON "active_admin_comments"  ("namespace")[0m
  [1m[35m (5.2ms)[0m  CREATE  INDEX  "index_active_admin_comments_on_author_type_and_author_id" ON "active_admin_comments"  ("author_type", "author_id")
  [1m[36m (1.2ms)[0m  [1mCREATE  INDEX  "index_active_admin_comments_on_resource_type_and_resource_id" ON "active_admin_comments"  ("resource_type", "resource_id")[0m
  [1m[35mSQL (1.1ms)[0m  INSERT INTO "schema_migrations" ("version") VALUES ($1)  [["version", "20140730121850"]]
  [1m[36m (0.9ms)[0m  [1mCOMMIT[0m
  [1m[35mActiveRecord::SchemaMigration Load (0.4ms)[0m  SELECT "schema_migrations".* FROM "schema_migrations"
  [1m[36mActiveRecord::SchemaMigration Load (0.6ms)[0m  [1mSELECT "schema_migrations".* FROM "schema_migrations"[0m
  [1m[36mActiveRecord::SchemaMigration Load (0.5ms)[0m  [1mSELECT "schema_migrations".* FROM "schema_migrations"[0m
  [1m[35mActiveRecord::SchemaMigration Load (0.2ms)[0m  SELECT "schema_migrations".* FROM "schema_migrations"
  [1m[36m (2.9ms)[0m  [1mDROP DATABASE IF EXISTS "api_test"[0m
  [1m[35m (462.1ms)[0m  CREATE DATABASE "api_test" ENCODING = 'unicode'
  [1m[36mSQL (1.8ms)[0m  [1mCREATE EXTENSION IF NOT EXISTS "plpgsql"[0m
  [1m[35m (8.0ms)[0m  CREATE TABLE "active_admin_comments" ("id" serial primary key, "namespace" character varying(255), "body" text, "resource_id" character varying(255) NOT NULL, "resource_type" character varying(255) NOT NULL, "author_id" integer, "author_type" character varying(255), "created_at" timestamp, "updated_at" timestamp) 
  [1m[36m (1.6ms)[0m  [1mCREATE  INDEX  "index_active_admin_comments_on_author_type_and_author_id" ON "active_admin_comments" USING btree ("author_type", "author_id")[0m
  [1m[35m (1.3ms)[0m  CREATE  INDEX  "index_active_admin_comments_on_namespace" ON "active_admin_comments" USING btree ("namespace")
  [1m[36m (1.4ms)[0m  [1mCREATE  INDEX  "index_active_admin_comments_on_resource_type_and_resource_id" ON "active_admin_comments" USING btree ("resource_type", "resource_id")[0m
  [1m[35m (21.1ms)[0m  CREATE TABLE "admin_users" ("id" serial primary key, "email" character varying(255) DEFAULT '' NOT NULL, "encrypted_password" character varying(255) DEFAULT '' NOT NULL, "reset_password_token" character varying(255), "reset_password_sent_at" timestamp, "remember_created_at" timestamp, "sign_in_count" integer DEFAULT 0 NOT NULL, "current_sign_in_at" timestamp, "last_sign_in_at" timestamp, "current_sign_in_ip" character varying(255), "last_sign_in_ip" character varying(255), "created_at" timestamp, "updated_at" timestamp) 
  [1m[36m (1.4ms)[0m  [1mCREATE UNIQUE INDEX  "index_admin_users_on_email" ON "admin_users" USING btree ("email")[0m
  [1m[35m (1.5ms)[0m  CREATE UNIQUE INDEX  "index_admin_users_on_reset_password_token" ON "admin_users" USING btree ("reset_password_token")
  [1m[36m (1.1ms)[0m  [1mCREATE TABLE "schema_migrations" ("version" character varying(255) NOT NULL) [0m
  [1m[35m (1.6ms)[0m  CREATE UNIQUE INDEX  "unique_schema_migrations" ON "schema_migrations"  ("version")
  [1m[36m (0.4ms)[0m  [1mSELECT version FROM "schema_migrations"[0m
  [1m[35m (0.8ms)[0m  INSERT INTO "schema_migrations" (version) VALUES ('20140730121850')
  [1m[36m (0.9ms)[0m  [1mINSERT INTO "schema_migrations" (version) VALUES ('20140730121842')[0m


Started GET "/" for 127.0.0.1 at 2014-07-30 13:28:13 +0100
  [1m[36mActiveRecord::SchemaMigration Load (0.5ms)[0m  [1mSELECT "schema_migrations".* FROM "schema_migrations"[0m
Processing by Rails::WelcomeController#index as HTML
  Rendered /Users/stevenmcintyre/.rbenv/versions/2.1.2/lib/ruby/gems/2.1.0/gems/railties-4.1.4/lib/rails/templates/rails/welcome/index.html.erb (3.5ms)
Completed 200 OK in 17ms (Views: 16.5ms | ActiveRecord: 0.0ms)


Started GET "/admin" for 127.0.0.1 at 2014-07-30 13:28:24 +0100
Processing by Admin::DashboardController#index as HTML
Completed 401 Unauthorized in 19ms


Started GET "/admin/login" for 127.0.0.1 at 2014-07-30 13:28:25 +0100
Processing by ActiveAdmin::Devise::SessionsController#new as HTML
  Rendered /Users/stevenmcintyre/.rbenv/versions/2.1.2/lib/ruby/gems/2.1.0/bundler/gems/active_admin-5953cffdc14b/app/views/active_admin/devise/shared/_links.erb (2.7ms)
  Rendered /Users/stevenmcintyre/.rbenv/versions/2.1.2/lib/ruby/gems/2.1.0/bundler/gems/active_admin-5953cffdc14b/app/views/active_admin/devise/sessions/new.html.erb within layouts/active_admin_logged_out (90.1ms)
Completed 200 OK in 5394ms (Views: 5374.5ms | ActiveRecord: 2.3ms)


Started POST "/admin/login" for 127.0.0.1 at 2014-07-30 13:28:50 +0100
Processing by ActiveAdmin::Devise::SessionsController#create as HTML
  Parameters: {"utf8"=>"✓", "authenticity_token"=>"sc2miNW9X55PaRDz3cZNt/UI7tvIt2kVGebJUOgppnM=", "admin_user"=>{"email"=>"admin@example.com", "password"=>"[FILTERED]", "remember_me"=>"0"}, "commit"=>"Login"}
  [1m[35mAdminUser Load (13.3ms)[0m  SELECT  "admin_users".* FROM "admin_users"  WHERE "admin_users"."email" = 'admin@example.com'  ORDER BY "admin_users"."id" ASC LIMIT 1
  [1m[36m (0.2ms)[0m  [1mBEGIN[0m
  [1m[35mSQL (0.5ms)[0m  UPDATE "admin_users" SET "current_sign_in_at" = $1, "current_sign_in_ip" = $2, "last_sign_in_at" = $3, "last_sign_in_ip" = $4, "sign_in_count" = $5, "updated_at" = $6 WHERE "admin_users"."id" = 1  [["current_sign_in_at", "2014-07-30 12:28:51.126582"], ["current_sign_in_ip", "127.0.0.1"], ["last_sign_in_at", "2014-07-30 12:28:51.126582"], ["last_sign_in_ip", "127.0.0.1"], ["sign_in_count", 1], ["updated_at", "2014-07-30 12:28:51.130744"]]
  [1m[36m (13.9ms)[0m  [1mCOMMIT[0m
Redirected to http://0.0.0.0:3000/admin
Completed 302 Found in 179ms (ActiveRecord: 28.1ms)


Started GET "/admin" for 127.0.0.1 at 2014-07-30 13:28:51 +0100
Processing by Admin::DashboardController#index as HTML
  [1m[35mAdminUser Load (0.4ms)[0m  SELECT  "admin_users".* FROM "admin_users"  WHERE "admin_users"."id" = 1  ORDER BY "admin_users"."id" ASC LIMIT 1
  Rendered /Users/stevenmcintyre/.rbenv/versions/2.1.2/lib/ruby/gems/2.1.0/bundler/gems/active_admin-5953cffdc14b/app/views/active_admin/page/index.html.arb (24.6ms)
Completed 200 OK in 36ms (Views: 28.6ms | ActiveRecord: 0.4ms)


Started GET "/admin/admin_users" for 127.0.0.1 at 2014-07-30 13:29:21 +0100
Processing by Admin::AdminUsersController#index as HTML
  [1m[36mAdminUser Load (0.5ms)[0m  [1mSELECT  "admin_users".* FROM "admin_users"  WHERE "admin_users"."id" = 1  ORDER BY "admin_users"."id" ASC LIMIT 1[0m
  [1m[35m (0.5ms)[0m  SELECT COUNT(count_column) FROM (SELECT  1 AS count_column FROM "admin_users"  LIMIT 30 OFFSET 0) subquery_for_count
  [1m[36mCACHE (0.0ms)[0m  [1mSELECT COUNT(count_column) FROM (SELECT  1 AS count_column FROM "admin_users"  LIMIT 30 OFFSET 0) subquery_for_count[0m
  [1m[35m (0.5ms)[0m  SELECT COUNT(*) FROM "admin_users"
  [1m[36mCACHE (0.0ms)[0m  [1mSELECT COUNT(count_column) FROM (SELECT  1 AS count_column FROM "admin_users"  LIMIT 30 OFFSET 0) subquery_for_count[0m
  [1m[35mAdminUser Load (0.5ms)[0m  SELECT  "admin_users".* FROM "admin_users"   ORDER BY "admin_users"."id" desc LIMIT 30 OFFSET 0
  Rendered /Users/stevenmcintyre/.rbenv/versions/2.1.2/lib/ruby/gems/2.1.0/bundler/gems/active_admin-5953cffdc14b/app/views/active_admin/resource/index.html.arb (107.6ms)
Completed 200 OK in 124ms (Views: 111.6ms | ActiveRecord: 1.9ms)


Started GET "/admin/comments" for 127.0.0.1 at 2014-07-30 13:29:49 +0100
Processing by Admin::CommentsController#index as HTML
  [1m[36mAdminUser Load (0.5ms)[0m  [1mSELECT  "admin_users".* FROM "admin_users"  WHERE "admin_users"."id" = 1  ORDER BY "admin_users"."id" ASC LIMIT 1[0m
  [1m[35m (2.7ms)[0m  SELECT COUNT(*) FROM "active_admin_comments"  WHERE "active_admin_comments"."namespace" = 'admin'
  [1m[36m (0.7ms)[0m  [1mSELECT COUNT(count_column) FROM (SELECT  1 AS count_column FROM "active_admin_comments"  WHERE "active_admin_comments"."namespace" = 'admin' LIMIT 30 OFFSET 0) subquery_for_count[0m
  [1m[35m (0.8ms)[0m  SELECT DISTINCT "active_admin_comments"."resource_type" FROM "active_admin_comments"   ORDER BY resource_type asc
  [1m[36m (0.5ms)[0m  [1mSELECT DISTINCT "active_admin_comments"."author_type" FROM "active_admin_comments"   ORDER BY author_type asc[0m
  Rendered /Users/stevenmcintyre/.rbenv/versions/2.1.2/lib/ruby/gems/2.1.0/bundler/gems/active_admin-5953cffdc14b/app/views/active_admin/resource/index.html.arb (97.9ms)
Completed 200 OK in 118ms (Views: 98.8ms | ActiveRecord: 7.5ms)


Started GET "/admin/admin_users" for 127.0.0.1 at 2014-07-30 13:29:54 +0100
Processing by Admin::AdminUsersController#index as HTML
  [1m[35mAdminUser Load (0.5ms)[0m  SELECT  "admin_users".* FROM "admin_users"  WHERE "admin_users"."id" = 1  ORDER BY "admin_users"."id" ASC LIMIT 1
  [1m[36m (0.4ms)[0m  [1mSELECT COUNT(count_column) FROM (SELECT  1 AS count_column FROM "admin_users"  LIMIT 30 OFFSET 0) subquery_for_count[0m
  [1m[35mCACHE (0.0ms)[0m  SELECT COUNT(count_column) FROM (SELECT  1 AS count_column FROM "admin_users"  LIMIT 30 OFFSET 0) subquery_for_count
  [1m[36m (0.4ms)[0m  [1mSELECT COUNT(*) FROM "admin_users"[0m
  [1m[35mCACHE (0.0ms)[0m  SELECT COUNT(count_column) FROM (SELECT  1 AS count_column FROM "admin_users"  LIMIT 30 OFFSET 0) subquery_for_count
  [1m[36mAdminUser Load (0.8ms)[0m  [1mSELECT  "admin_users".* FROM "admin_users"   ORDER BY "admin_users"."id" desc LIMIT 30 OFFSET 0[0m
  Rendered /Users/stevenmcintyre/.rbenv/versions/2.1.2/lib/ruby/gems/2.1.0/bundler/gems/active_admin-5953cffdc14b/app/views/active_admin/resource/index.html.arb (92.0ms)
Completed 200 OK in 102ms (Views: 94.9ms | ActiveRecord: 2.1ms)


Started GET "/admin/admin_users/1" for 127.0.0.1 at 2014-07-30 13:29:59 +0100
Processing by Admin::AdminUsersController#show as HTML
  Parameters: {"id"=>"1"}
  [1m[35mAdminUser Load (0.4ms)[0m  SELECT  "admin_users".* FROM "admin_users"  WHERE "admin_users"."id" = 1  ORDER BY "admin_users"."id" ASC LIMIT 1
  [1m[36mAdminUser Load (0.4ms)[0m  [1mSELECT  "admin_users".* FROM "admin_users"  WHERE "admin_users"."id" = $1 LIMIT 1[0m  [["id", 1]]
  [1m[35m (0.6ms)[0m  SELECT COUNT(*) FROM "active_admin_comments"  WHERE "active_admin_comments"."resource_type" = 'AdminUser' AND "active_admin_comments"."resource_id" = '1' AND "active_admin_comments"."namespace" = 'admin'
  [1m[36mCACHE (0.0ms)[0m  [1mSELECT COUNT(*) FROM "active_admin_comments"  WHERE "active_admin_comments"."resource_type" = 'AdminUser' AND "active_admin_comments"."resource_id" = '1' AND "active_admin_comments"."namespace" = 'admin'[0m
  Rendered /Users/stevenmcintyre/.rbenv/versions/2.1.2/lib/ruby/gems/2.1.0/bundler/gems/active_admin-5953cffdc14b/app/views/active_admin/resource/show.html.arb (76.0ms)
Completed 200 OK in 89ms (Views: 80.6ms | ActiveRecord: 1.5ms)


Started POST "/admin/comments" for 127.0.0.1 at 2014-07-30 13:30:11 +0100
Processing by Admin::CommentsController#create as HTML
  Parameters: {"utf8"=>"✓", "authenticity_token"=>"C8m4+/VBcWTw85+RYGCFOqxGC+TV5wkaRjtnmx3hSlc=", "active_admin_comment"=>{"resource_type"=>"AdminUser", "resource_id"=>"1", "body"=>"Test comment"}, "commit"=>"Add Comment"}
  [1m[35mAdminUser Load (0.6ms)[0m  SELECT  "admin_users".* FROM "admin_users"  WHERE "admin_users"."id" = 1  ORDER BY "admin_users"."id" ASC LIMIT 1
Unpermitted parameters: utf8, authenticity_token, commit
  [1m[36m (0.2ms)[0m  [1mBEGIN[0m
  [1m[35mAdminUser Load (0.6ms)[0m  SELECT  "admin_users".* FROM "admin_users"  WHERE "admin_users"."id" = $1 LIMIT 1  [["id", 1]]
  [1m[36mSQL (17.5ms)[0m  [1mINSERT INTO "active_admin_comments" ("author_id", "author_type", "body", "created_at", "namespace", "resource_id", "resource_type", "updated_at") VALUES ($1, $2, $3, $4, $5, $6, $7, $8) RETURNING "id"[0m  [["author_id", 1], ["author_type", "AdminUser"], ["body", "Test comment"], ["created_at", "2014-07-30 12:30:11.746985"], ["namespace", "admin"], ["resource_id", "1"], ["resource_type", "AdminUser"], ["updated_at", "2014-07-30 12:30:11.746985"]]
  [1m[35m (0.7ms)[0m  COMMIT
Redirected to http://0.0.0.0:3000/admin/admin_users/1
Completed 302 Found in 60ms (ActiveRecord: 19.7ms)


Started GET "/admin/admin_users/1" for 127.0.0.1 at 2014-07-30 13:30:11 +0100
Processing by Admin::AdminUsersController#show as HTML
  Parameters: {"id"=>"1"}
  [1m[36mAdminUser Load (0.6ms)[0m  [1mSELECT  "admin_users".* FROM "admin_users"  WHERE "admin_users"."id" = 1  ORDER BY "admin_users"."id" ASC LIMIT 1[0m
  [1m[35mAdminUser Load (0.5ms)[0m  SELECT  "admin_users".* FROM "admin_users"  WHERE "admin_users"."id" = $1 LIMIT 1  [["id", 1]]
  [1m[36m (0.6ms)[0m  [1mSELECT COUNT(*) FROM "active_admin_comments"  WHERE "active_admin_comments"."resource_type" = 'AdminUser' AND "active_admin_comments"."resource_id" = '1' AND "active_admin_comments"."namespace" = 'admin'[0m
  [1m[35mCACHE (0.0ms)[0m  SELECT COUNT(*) FROM "active_admin_comments"  WHERE "active_admin_comments"."resource_type" = 'AdminUser' AND "active_admin_comments"."resource_id" = '1' AND "active_admin_comments"."namespace" = 'admin'
  [1m[36mActiveAdmin::Comment Load (0.5ms)[0m  [1mSELECT "active_admin_comments".* FROM "active_admin_comments"  WHERE "active_admin_comments"."resource_type" = 'AdminUser' AND "active_admin_comments"."resource_id" = '1' AND "active_admin_comments"."namespace" = 'admin'[0m
  [1m[35mAdminUser Load (0.4ms)[0m  SELECT  "admin_users".* FROM "admin_users"  WHERE "admin_users"."id" = $1 LIMIT 1  [["id", 1]]
  Rendered /Users/stevenmcintyre/.rbenv/versions/2.1.2/lib/ruby/gems/2.1.0/bundler/gems/active_admin-5953cffdc14b/app/views/active_admin/resource/show.html.arb (88.6ms)
Completed 200 OK in 105ms (Views: 93.0ms | ActiveRecord: 2.5ms)


Started GET "/admin/dashboard" for 127.0.0.1 at 2014-07-30 13:30:25 +0100
Processing by Admin::DashboardController#index as HTML
  [1m[36mAdminUser Load (0.5ms)[0m  [1mSELECT  "admin_users".* FROM "admin_users"  WHERE "admin_users"."id" = 1  ORDER BY "admin_users"."id" ASC LIMIT 1[0m
  Rendered /Users/stevenmcintyre/.rbenv/versions/2.1.2/lib/ruby/gems/2.1.0/bundler/gems/active_admin-5953cffdc14b/app/views/active_admin/page/index.html.arb (28.8ms)
Completed 200 OK in 37ms (Views: 32.4ms | ActiveRecord: 0.5ms)
  [1m[36mActiveRecord::SchemaMigration Load (0.6ms)[0m  [1mSELECT "schema_migrations".* FROM "schema_migrations"[0m
Migrating to CreateContacts (20140730123239)
  [1m[35m (0.2ms)[0m  BEGIN
  [1m[36m (26.5ms)[0m  [1mCREATE TABLE "contacts" ("id" serial primary key, "first_name" character varying(255), "last_name" character varying(255), "email" character varying(255), "title" character varying(255), "created_at" timestamp, "updated_at" timestamp) [0m
  [1m[35mSQL (0.3ms)[0m  INSERT INTO "schema_migrations" ("version") VALUES ($1)  [["version", "20140730123239"]]
  [1m[36m (6.8ms)[0m  [1mCOMMIT[0m
  [1m[35mActiveRecord::SchemaMigration Load (0.3ms)[0m  SELECT "schema_migrations".* FROM "schema_migrations"


Started GET "/admin/contacts" for 127.0.0.1 at 2014-07-30 13:48:47 +0100
  [1m[36mActiveRecord::SchemaMigration Load (0.9ms)[0m  [1mSELECT "schema_migrations".* FROM "schema_migrations"[0m
Processing by Admin::ContactsController#index as HTML
  [1m[35mAdminUser Load (13.3ms)[0m  SELECT  "admin_users".* FROM "admin_users"  WHERE "admin_users"."id" = 1  ORDER BY "admin_users"."id" ASC LIMIT 1
  [1m[36m (7.0ms)[0m  [1mSELECT COUNT(count_column) FROM (SELECT  1 AS count_column FROM "contacts"  LIMIT 30 OFFSET 0) subquery_for_count[0m
  Rendered /Users/stevenmcintyre/.rbenv/versions/2.1.2/lib/ruby/gems/2.1.0/bundler/gems/active_admin-5953cffdc14b/app/views/active_admin/resource/index.html.arb (441.5ms)
Completed 200 OK in 553ms (Views: 453.6ms | ActiveRecord: 25.1ms)


Started GET "/admin/contacts/new" for 127.0.0.1 at 2014-07-30 13:48:56 +0100
Processing by Admin::ContactsController#new as HTML
  [1m[35mAdminUser Load (0.5ms)[0m  SELECT  "admin_users".* FROM "admin_users"  WHERE "admin_users"."id" = 1  ORDER BY "admin_users"."id" ASC LIMIT 1
  Rendered /Users/stevenmcintyre/.rbenv/versions/2.1.2/lib/ruby/gems/2.1.0/bundler/gems/active_admin-5953cffdc14b/app/views/active_admin/resource/new.html.arb (73.2ms)
Completed 200 OK in 84ms (Views: 78.6ms | ActiveRecord: 0.5ms)


Started POST "/admin/contacts" for 127.0.0.1 at 2014-07-30 13:49:16 +0100
Processing by Admin::ContactsController#create as HTML
  Parameters: {"utf8"=>"✓", "authenticity_token"=>"C8m4+/VBcWTw85+RYGCFOqxGC+TV5wkaRjtnmx3hSlc=", "contact"=>{"first_name"=>"Steve", "last_name"=>"McIntyre", "email"=>"steve@test.com", "title"=>"Rocker"}, "commit"=>"Create Contact"}
  [1m[36mAdminUser Load (0.5ms)[0m  [1mSELECT  "admin_users".* FROM "admin_users"  WHERE "admin_users"."id" = 1  ORDER BY "admin_users"."id" ASC LIMIT 1[0m
Completed 500 Internal Server Error in 6ms

ActiveModel::ForbiddenAttributesError - ActiveModel::ForbiddenAttributesError:
  activemodel (4.1.4) lib/active_model/forbidden_attributes_protection.rb:21:in `sanitize_for_mass_assignment'
  activerecord (4.1.4) lib/active_record/attribute_assignment.rb:24:in `assign_attributes'
  activerecord (4.1.4) lib/active_record/core.rb:455:in `init_attributes'
  activerecord (4.1.4) lib/active_record/core.rb:198:in `initialize'
  activerecord (4.1.4) lib/active_record/inheritance.rb:30:in `new'
   () Users/stevenmcintyre/.rbenv/versions/2.1.2/lib/ruby/gems/2.1.0/bundler/gems/active_admin-5953cffdc14b/lib/active_admin/resource_controller/data_access.rb:137:in `build_new_resource'
   () Users/stevenmcintyre/.rbenv/versions/2.1.2/lib/ruby/gems/2.1.0/bundler/gems/active_admin-5953cffdc14b/lib/active_admin/resource_controller/data_access.rb:120:in `build_resource'
  inherited_resources (1.4.1) lib/inherited_resources/actions.rb:31:in `create'
  actionpack (4.1.4) lib/action_controller/metal/implicit_render.rb:4:in `send_action'
  actionpack (4.1.4) lib/abstract_controller/base.rb:189:in `process_action'
  actionpack (4.1.4) lib/action_controller/metal/rendering.rb:10:in `process_action'
  actionpack (4.1.4) lib/abstract_controller/callbacks.rb:20:in `block in process_action'
  activesupport (4.1.4) lib/active_support/callbacks.rb:113:in `call'
  activesupport (4.1.4) lib/active_support/callbacks.rb:166:in `block in halting'
  activesupport (4.1.4) lib/active_support/callbacks.rb:166:in `block in halting'
  activesupport (4.1.4) lib/active_support/callbacks.rb:166:in `block in halting'
  activesupport (4.1.4) lib/active_support/callbacks.rb:229:in `block in halting'
  activesupport (4.1.4) lib/active_support/callbacks.rb:166:in `block in halting'
  activesupport (4.1.4) lib/active_support/callbacks.rb:86:in `run_callbacks'
  actionpack (4.1.4) lib/abstract_controller/callbacks.rb:19:in `process_action'
  actionpack (4.1.4) lib/action_controller/metal/rescue.rb:29:in `process_action'
  actionpack (4.1.4) lib/action_controller/metal/instrumentation.rb:31:in `block in process_action'
  activesupport (4.1.4) lib/active_support/notifications.rb:159:in `block in instrument'
  activesupport (4.1.4) lib/active_support/notifications/instrumenter.rb:20:in `instrument'
  activesupport (4.1.4) lib/active_support/notifications.rb:159:in `instrument'
  actionpack (4.1.4) lib/action_controller/metal/instrumentation.rb:30:in `process_action'
  actionpack (4.1.4) lib/action_controller/metal/params_wrapper.rb:250:in `process_action'
  activerecord (4.1.4) lib/active_record/railties/controller_runtime.rb:18:in `process_action'
  actionpack (4.1.4) lib/abstract_controller/base.rb:136:in `process'
  actionview (4.1.4) lib/action_view/rendering.rb:30:in `process'
  actionpack (4.1.4) lib/action_controller/metal.rb:196:in `dispatch'
  actionpack (4.1.4) lib/action_controller/metal/rack_delegation.rb:13:in `dispatch'
  actionpack (4.1.4) lib/action_controller/metal.rb:232:in `block in action'
  actionpack (4.1.4) lib/action_dispatch/routing/route_set.rb:82:in `dispatch'
  actionpack (4.1.4) lib/action_dispatch/routing/route_set.rb:50:in `call'
  actionpack (4.1.4) lib/action_dispatch/journey/router.rb:71:in `block in call'
  actionpack (4.1.4) lib/action_dispatch/journey/router.rb:59:in `call'
  actionpack (4.1.4) lib/action_dispatch/routing/route_set.rb:678:in `call'
  meta_request (0.3.4) lib/meta_request/middlewares/app_request_handler.rb:13:in `call'
  meta_request (0.3.4) lib/meta_request/middlewares/meta_request_handler.rb:13:in `call'
  warden (1.2.3) lib/warden/manager.rb:35:in `block in call'
  warden (1.2.3) lib/warden/manager.rb:34:in `call'
  rack (1.5.2) lib/rack/etag.rb:23:in `call'
  rack (1.5.2) lib/rack/conditionalget.rb:35:in `call'
  rack (1.5.2) lib/rack/head.rb:11:in `call'
  actionpack (4.1.4) lib/action_dispatch/middleware/params_parser.rb:27:in `call'
  actionpack (4.1.4) lib/action_dispatch/middleware/flash.rb:254:in `call'
  rack (1.5.2) lib/rack/session/abstract/id.rb:225:in `context'
  rack (1.5.2) lib/rack/session/abstract/id.rb:220:in `call'
  actionpack (4.1.4) lib/action_dispatch/middleware/cookies.rb:560:in `call'
  activerecord (4.1.4) lib/active_record/query_cache.rb:36:in `call'
  activerecord (4.1.4) lib/active_record/connection_adapters/abstract/connection_pool.rb:621:in `call'
  activerecord (4.1.4) lib/active_record/migration.rb:380:in `call'
  actionpack (4.1.4) lib/action_dispatch/middleware/callbacks.rb:29:in `block in call'
  activesupport (4.1.4) lib/active_support/callbacks.rb:82:in `run_callbacks'
  actionpack (4.1.4) lib/action_dispatch/middleware/callbacks.rb:27:in `call'
  actionpack (4.1.4) lib/action_dispatch/middleware/reloader.rb:73:in `call'
  actionpack (4.1.4) lib/action_dispatch/middleware/remote_ip.rb:76:in `call'
  better_errors (1.1.0) lib/better_errors/middleware.rb:84:in `protected_app_call'
  better_errors (1.1.0) lib/better_errors/middleware.rb:79:in `better_errors_call'
  better_errors (1.1.0) lib/better_errors/middleware.rb:56:in `call'
  rack-contrib (1.1.0) lib/rack/contrib/response_headers.rb:17:in `call'
  meta_request (0.3.4) lib/meta_request/middlewares/headers.rb:16:in `call'
  actionpack (4.1.4) lib/action_dispatch/middleware/debug_exceptions.rb:17:in `call'
  actionpack (4.1.4) lib/action_dispatch/middleware/show_exceptions.rb:30:in `call'
  railties (4.1.4) lib/rails/rack/logger.rb:38:in `call_app'
  railties (4.1.4) lib/rails/rack/logger.rb:20:in `block in call'
  activesupport (4.1.4) lib/active_support/tagged_logging.rb:68:in `block in tagged'
  activesupport (4.1.4) lib/active_support/tagged_logging.rb:26:in `tagged'
  activesupport (4.1.4) lib/active_support/tagged_logging.rb:68:in `tagged'
  railties (4.1.4) lib/rails/rack/logger.rb:20:in `call'
  quiet_assets (1.0.3) lib/quiet_assets.rb:23:in `call_with_quiet_assets'
  actionpack (4.1.4) lib/action_dispatch/middleware/request_id.rb:21:in `call'
  rack (1.5.2) lib/rack/methodoverride.rb:21:in `call'
  rack (1.5.2) lib/rack/runtime.rb:17:in `call'
  activesupport (4.1.4) lib/active_support/cache/strategy/local_cache_middleware.rb:26:in `call'
  rack (1.5.2) lib/rack/lock.rb:17:in `call'
  actionpack (4.1.4) lib/action_dispatch/middleware/static.rb:64:in `call'
  rack (1.5.2) lib/rack/sendfile.rb:112:in `call'
  railties (4.1.4) lib/rails/engine.rb:514:in `call'
  railties (4.1.4) lib/rails/application.rb:144:in `call'
  rack (1.5.2) lib/rack/lock.rb:17:in `call'
  rack (1.5.2) lib/rack/content_length.rb:14:in `call'
  rack (1.5.2) lib/rack/handler/webrick.rb:60:in `service'
  /Users/stevenmcintyre/.rbenv/versions/2.1.2/lib/ruby/2.1.0/webrick/httpserver.rb:138:in `service'
  /Users/stevenmcintyre/.rbenv/versions/2.1.2/lib/ruby/2.1.0/webrick/httpserver.rb:94:in `run'
  /Users/stevenmcintyre/.rbenv/versions/2.1.2/lib/ruby/2.1.0/webrick/server.rb:295:in `block in start_thread'



Started POST "/__better_errors/70238372181720/variables" for 127.0.0.1 at 2014-07-30 13:49:16 +0100


Started POST "/__better_errors/70238372181720/eval" for 127.0.0.1 at 2014-07-30 13:49:32 +0100


Started POST "/__better_errors/70238372181720/eval" for 127.0.0.1 at 2014-07-30 13:49:38 +0100


Started GET "/admin/contacts/new" for 127.0.0.1 at 2014-07-30 13:51:23 +0100
Processing by Admin::ContactsController#new as HTML
  [1m[35mAdminUser Load (0.6ms)[0m  SELECT  "admin_users".* FROM "admin_users"  WHERE "admin_users"."id" = 1  ORDER BY "admin_users"."id" ASC LIMIT 1
  Rendered /Users/stevenmcintyre/.rbenv/versions/2.1.2/lib/ruby/gems/2.1.0/bundler/gems/active_admin-5953cffdc14b/app/views/active_admin/resource/new.html.arb (51.8ms)
Completed 200 OK in 62ms (Views: 57.4ms | ActiveRecord: 0.6ms)


Started POST "/admin/contacts" for 127.0.0.1 at 2014-07-30 13:51:36 +0100
Processing by Admin::ContactsController#create as HTML
  Parameters: {"utf8"=>"✓", "authenticity_token"=>"C8m4+/VBcWTw85+RYGCFOqxGC+TV5wkaRjtnmx3hSlc=", "contact"=>{"first_name"=>"dgfgdgf", "last_name"=>"dfgdgdfg", "email"=>"dfgdfgdf@xfgfgfxg.com", "title"=>"Steve"}, "commit"=>"Create Contact"}
  [1m[36mAdminUser Load (0.5ms)[0m  [1mSELECT  "admin_users".* FROM "admin_users"  WHERE "admin_users"."id" = 1  ORDER BY "admin_users"."id" ASC LIMIT 1[0m
Completed 500 Internal Server Error in 7ms

ActiveModel::ForbiddenAttributesError - ActiveModel::ForbiddenAttributesError:
  activemodel (4.1.4) lib/active_model/forbidden_attributes_protection.rb:21:in `sanitize_for_mass_assignment'
  activerecord (4.1.4) lib/active_record/attribute_assignment.rb:24:in `assign_attributes'
  activerecord (4.1.4) lib/active_record/core.rb:455:in `init_attributes'
  activerecord (4.1.4) lib/active_record/core.rb:198:in `initialize'
  activerecord (4.1.4) lib/active_record/inheritance.rb:30:in `new'
   () Users/stevenmcintyre/.rbenv/versions/2.1.2/lib/ruby/gems/2.1.0/bundler/gems/active_admin-5953cffdc14b/lib/active_admin/resource_controller/data_access.rb:137:in `build_new_resource'
   () Users/stevenmcintyre/.rbenv/versions/2.1.2/lib/ruby/gems/2.1.0/bundler/gems/active_admin-5953cffdc14b/lib/active_admin/resource_controller/data_access.rb:120:in `build_resource'
  inherited_resources (1.4.1) lib/inherited_resources/actions.rb:31:in `create'
  actionpack (4.1.4) lib/action_controller/metal/implicit_render.rb:4:in `send_action'
  actionpack (4.1.4) lib/abstract_controller/base.rb:189:in `process_action'
  actionpack (4.1.4) lib/action_controller/metal/rendering.rb:10:in `process_action'
  actionpack (4.1.4) lib/abstract_controller/callbacks.rb:20:in `block in process_action'
  activesupport (4.1.4) lib/active_support/callbacks.rb:113:in `call'
  activesupport (4.1.4) lib/active_support/callbacks.rb:166:in `block in halting'
  activesupport (4.1.4) lib/active_support/callbacks.rb:166:in `block in halting'
  activesupport (4.1.4) lib/active_support/callbacks.rb:166:in `block in halting'
  activesupport (4.1.4) lib/active_support/callbacks.rb:229:in `block in halting'
  activesupport (4.1.4) lib/active_support/callbacks.rb:166:in `block in halting'
  activesupport (4.1.4) lib/active_support/callbacks.rb:86:in `run_callbacks'
  actionpack (4.1.4) lib/abstract_controller/callbacks.rb:19:in `process_action'
  actionpack (4.1.4) lib/action_controller/metal/rescue.rb:29:in `process_action'
  actionpack (4.1.4) lib/action_controller/metal/instrumentation.rb:31:in `block in process_action'
  activesupport (4.1.4) lib/active_support/notifications.rb:159:in `block in instrument'
  activesupport (4.1.4) lib/active_support/notifications/instrumenter.rb:20:in `instrument'
  activesupport (4.1.4) lib/active_support/notifications.rb:159:in `instrument'
  actionpack (4.1.4) lib/action_controller/metal/instrumentation.rb:30:in `process_action'
  actionpack (4.1.4) lib/action_controller/metal/params_wrapper.rb:250:in `process_action'
  activerecord (4.1.4) lib/active_record/railties/controller_runtime.rb:18:in `process_action'
  actionpack (4.1.4) lib/abstract_controller/base.rb:136:in `process'
  actionview (4.1.4) lib/action_view/rendering.rb:30:in `process'
  actionpack (4.1.4) lib/action_controller/metal.rb:196:in `dispatch'
  actionpack (4.1.4) lib/action_controller/metal/rack_delegation.rb:13:in `dispatch'
  actionpack (4.1.4) lib/action_controller/metal.rb:232:in `block in action'
  actionpack (4.1.4) lib/action_dispatch/routing/route_set.rb:82:in `dispatch'
  actionpack (4.1.4) lib/action_dispatch/routing/route_set.rb:50:in `call'
  actionpack (4.1.4) lib/action_dispatch/journey/router.rb:71:in `block in call'
  actionpack (4.1.4) lib/action_dispatch/journey/router.rb:59:in `call'
  actionpack (4.1.4) lib/action_dispatch/routing/route_set.rb:678:in `call'
  meta_request (0.3.4) lib/meta_request/middlewares/app_request_handler.rb:13:in `call'
  meta_request (0.3.4) lib/meta_request/middlewares/meta_request_handler.rb:13:in `call'
  warden (1.2.3) lib/warden/manager.rb:35:in `block in call'
  warden (1.2.3) lib/warden/manager.rb:34:in `call'
  rack (1.5.2) lib/rack/etag.rb:23:in `call'
  rack (1.5.2) lib/rack/conditionalget.rb:35:in `call'
  rack (1.5.2) lib/rack/head.rb:11:in `call'
  actionpack (4.1.4) lib/action_dispatch/middleware/params_parser.rb:27:in `call'
  actionpack (4.1.4) lib/action_dispatch/middleware/flash.rb:254:in `call'
  rack (1.5.2) lib/rack/session/abstract/id.rb:225:in `context'
  rack (1.5.2) lib/rack/session/abstract/id.rb:220:in `call'
  actionpack (4.1.4) lib/action_dispatch/middleware/cookies.rb:560:in `call'
  activerecord (4.1.4) lib/active_record/query_cache.rb:36:in `call'
  activerecord (4.1.4) lib/active_record/connection_adapters/abstract/connection_pool.rb:621:in `call'
  activerecord (4.1.4) lib/active_record/migration.rb:380:in `call'
  actionpack (4.1.4) lib/action_dispatch/middleware/callbacks.rb:29:in `block in call'
  activesupport (4.1.4) lib/active_support/callbacks.rb:82:in `run_callbacks'
  actionpack (4.1.4) lib/action_dispatch/middleware/callbacks.rb:27:in `call'
  actionpack (4.1.4) lib/action_dispatch/middleware/reloader.rb:73:in `call'
  actionpack (4.1.4) lib/action_dispatch/middleware/remote_ip.rb:76:in `call'
  better_errors (1.1.0) lib/better_errors/middleware.rb:84:in `protected_app_call'
  better_errors (1.1.0) lib/better_errors/middleware.rb:79:in `better_errors_call'
  better_errors (1.1.0) lib/better_errors/middleware.rb:56:in `call'
  rack-contrib (1.1.0) lib/rack/contrib/response_headers.rb:17:in `call'
  meta_request (0.3.4) lib/meta_request/middlewares/headers.rb:16:in `call'
  actionpack (4.1.4) lib/action_dispatch/middleware/debug_exceptions.rb:17:in `call'
  actionpack (4.1.4) lib/action_dispatch/middleware/show_exceptions.rb:30:in `call'
  railties (4.1.4) lib/rails/rack/logger.rb:38:in `call_app'
  railties (4.1.4) lib/rails/rack/logger.rb:20:in `block in call'
  activesupport (4.1.4) lib/active_support/tagged_logging.rb:68:in `block in tagged'
  activesupport (4.1.4) lib/active_support/tagged_logging.rb:26:in `tagged'
  activesupport (4.1.4) lib/active_support/tagged_logging.rb:68:in `tagged'
  railties (4.1.4) lib/rails/rack/logger.rb:20:in `call'
  quiet_assets (1.0.3) lib/quiet_assets.rb:23:in `call_with_quiet_assets'
  actionpack (4.1.4) lib/action_dispatch/middleware/request_id.rb:21:in `call'
  rack (1.5.2) lib/rack/methodoverride.rb:21:in `call'
  rack (1.5.2) lib/rack/runtime.rb:17:in `call'
  activesupport (4.1.4) lib/active_support/cache/strategy/local_cache_middleware.rb:26:in `call'
  rack (1.5.2) lib/rack/lock.rb:17:in `call'
  actionpack (4.1.4) lib/action_dispatch/middleware/static.rb:64:in `call'
  rack (1.5.2) lib/rack/sendfile.rb:112:in `call'
  railties (4.1.4) lib/rails/engine.rb:514:in `call'
  railties (4.1.4) lib/rails/application.rb:144:in `call'
  rack (1.5.2) lib/rack/lock.rb:17:in `call'
  rack (1.5.2) lib/rack/content_length.rb:14:in `call'
  rack (1.5.2) lib/rack/handler/webrick.rb:60:in `service'
  /Users/stevenmcintyre/.rbenv/versions/2.1.2/lib/ruby/2.1.0/webrick/httpserver.rb:138:in `service'
  /Users/stevenmcintyre/.rbenv/versions/2.1.2/lib/ruby/2.1.0/webrick/httpserver.rb:94:in `run'
  /Users/stevenmcintyre/.rbenv/versions/2.1.2/lib/ruby/2.1.0/webrick/server.rb:295:in `block in start_thread'



Started POST "/__better_errors/70238392620560/variables" for 127.0.0.1 at 2014-07-30 13:51:36 +0100


Started GET "/admin/contacts/new" for 127.0.0.1 at 2014-07-30 13:55:56 +0100
Processing by Admin::ContactsController#new as HTML
  [1m[35mAdminUser Load (0.5ms)[0m  SELECT  "admin_users".* FROM "admin_users"  WHERE "admin_users"."id" = 1  ORDER BY "admin_users"."id" ASC LIMIT 1
  Rendered /Users/stevenmcintyre/.rbenv/versions/2.1.2/lib/ruby/gems/2.1.0/bundler/gems/active_admin-5953cffdc14b/app/views/active_admin/resource/new.html.arb (73.1ms)
Completed 200 OK in 137ms (Views: 79.4ms | ActiveRecord: 6.2ms)


Started POST "/admin/contacts" for 127.0.0.1 at 2014-07-30 13:56:07 +0100
Processing by Admin::ContactsController#create as HTML
  Parameters: {"utf8"=>"✓", "authenticity_token"=>"C8m4+/VBcWTw85+RYGCFOqxGC+TV5wkaRjtnmx3hSlc=", "contact"=>{"first_name"=>"werwer", "last_name"=>"werwer", "email"=>"werwer@sdrwrewre.com", "title"=>"test"}, "commit"=>"Create Contact"}
  [1m[36mAdminUser Load (0.6ms)[0m  [1mSELECT  "admin_users".* FROM "admin_users"  WHERE "admin_users"."id" = 1  ORDER BY "admin_users"."id" ASC LIMIT 1[0m
Unpermitted parameters: first_name, last_name, email, title
Unpermitted parameters: utf8, authenticity_token, commit
  [1m[35m (5.5ms)[0m  BEGIN
  [1m[36mSQL (30.2ms)[0m  [1mINSERT INTO "contacts" ("created_at", "updated_at") VALUES ($1, $2) RETURNING "id"[0m  [["created_at", "2014-07-30 12:56:07.068866"], ["updated_at", "2014-07-30 12:56:07.068866"]]
  [1m[35m (2.6ms)[0m  COMMIT
Redirected to http://0.0.0.0:3000/admin/contacts/1
Completed 302 Found in 88ms (ActiveRecord: 39.3ms)


Started GET "/admin/contacts/1" for 127.0.0.1 at 2014-07-30 13:56:07 +0100
Processing by Admin::ContactsController#show as HTML
  Parameters: {"id"=>"1"}
  [1m[36mAdminUser Load (0.4ms)[0m  [1mSELECT  "admin_users".* FROM "admin_users"  WHERE "admin_users"."id" = 1  ORDER BY "admin_users"."id" ASC LIMIT 1[0m
  [1m[35mContact Load (0.4ms)[0m  SELECT  "contacts".* FROM "contacts"  WHERE "contacts"."id" = $1 LIMIT 1  [["id", 1]]
  [1m[36m (12.8ms)[0m  [1mSELECT COUNT(*) FROM "active_admin_comments"  WHERE "active_admin_comments"."resource_type" = 'Contact' AND "active_admin_comments"."resource_id" = '1' AND "active_admin_comments"."namespace" = 'admin'[0m
  [1m[35mCACHE (0.0ms)[0m  SELECT COUNT(*) FROM "active_admin_comments"  WHERE "active_admin_comments"."resource_type" = 'Contact' AND "active_admin_comments"."resource_id" = '1' AND "active_admin_comments"."namespace" = 'admin'
  Rendered /Users/stevenmcintyre/.rbenv/versions/2.1.2/lib/ruby/gems/2.1.0/bundler/gems/active_admin-5953cffdc14b/app/views/active_admin/resource/show.html.arb (107.7ms)
Completed 200 OK in 124ms (Views: 99.3ms | ActiveRecord: 15.8ms)


Started DELETE "/admin/contacts/1" for 127.0.0.1 at 2014-07-30 14:00:20 +0100
Processing by Admin::ContactsController#destroy as HTML
  Parameters: {"authenticity_token"=>"C8m4+/VBcWTw85+RYGCFOqxGC+TV5wkaRjtnmx3hSlc=", "id"=>"1"}
  [1m[36mAdminUser Load (7.3ms)[0m  [1mSELECT  "admin_users".* FROM "admin_users"  WHERE "admin_users"."id" = 1  ORDER BY "admin_users"."id" ASC LIMIT 1[0m
  [1m[35mContact Load (0.4ms)[0m  SELECT  "contacts".* FROM "contacts"  WHERE "contacts"."id" = $1 LIMIT 1  [["id", 1]]
  [1m[36m (1.1ms)[0m  [1mBEGIN[0m
  [1m[35mSQL (0.8ms)[0m  DELETE FROM "contacts" WHERE "contacts"."id" = $1  [["id", 1]]
  [1m[36m (27.4ms)[0m  [1mCOMMIT[0m
Redirected to http://0.0.0.0:3000/admin/contacts
Completed 302 Found in 244ms (ActiveRecord: 149.4ms)


Started GET "/admin/contacts" for 127.0.0.1 at 2014-07-30 14:00:21 +0100
Processing by Admin::ContactsController#index as HTML
  [1m[35mAdminUser Load (0.4ms)[0m  SELECT  "admin_users".* FROM "admin_users"  WHERE "admin_users"."id" = 1  ORDER BY "admin_users"."id" ASC LIMIT 1
  [1m[36m (0.5ms)[0m  [1mSELECT COUNT(count_column) FROM (SELECT  1 AS count_column FROM "contacts"  LIMIT 30 OFFSET 0) subquery_for_count[0m
  Rendered /Users/stevenmcintyre/.rbenv/versions/2.1.2/lib/ruby/gems/2.1.0/bundler/gems/active_admin-5953cffdc14b/app/views/active_admin/resource/index.html.arb (76.3ms)
Completed 200 OK in 89ms (Views: 81.7ms | ActiveRecord: 1.0ms)


Started GET "/admin/contacts/new" for 127.0.0.1 at 2014-07-30 14:00:24 +0100
Processing by Admin::ContactsController#new as HTML
  [1m[35mAdminUser Load (0.5ms)[0m  SELECT  "admin_users".* FROM "admin_users"  WHERE "admin_users"."id" = 1  ORDER BY "admin_users"."id" ASC LIMIT 1
  Rendered /Users/stevenmcintyre/.rbenv/versions/2.1.2/lib/ruby/gems/2.1.0/bundler/gems/active_admin-5953cffdc14b/app/views/active_admin/resource/new.html.arb (64.9ms)
Completed 200 OK in 75ms (Views: 70.2ms | ActiveRecord: 0.5ms)


Started POST "/admin/contacts" for 127.0.0.1 at 2014-07-30 14:00:47 +0100
Processing by Admin::ContactsController#create as HTML
  Parameters: {"utf8"=>"✓", "authenticity_token"=>"C8m4+/VBcWTw85+RYGCFOqxGC+TV5wkaRjtnmx3hSlc=", "contact"=>{"first_name"=>"first", "last_name"=>"last", "email"=>"steve@test.com", "title"=>"test title"}, "commit"=>"Create Contact"}
  [1m[36mAdminUser Load (0.7ms)[0m  [1mSELECT  "admin_users".* FROM "admin_users"  WHERE "admin_users"."id" = 1  ORDER BY "admin_users"."id" ASC LIMIT 1[0m
Completed 500 Internal Server Error in 6ms

ActiveModel::ForbiddenAttributesError - ActiveModel::ForbiddenAttributesError:
  activemodel (4.1.4) lib/active_model/forbidden_attributes_protection.rb:21:in `sanitize_for_mass_assignment'
  activerecord (4.1.4) lib/active_record/attribute_assignment.rb:24:in `assign_attributes'
  activerecord (4.1.4) lib/active_record/core.rb:455:in `init_attributes'
  activerecord (4.1.4) lib/active_record/core.rb:198:in `initialize'
  activerecord (4.1.4) lib/active_record/inheritance.rb:30:in `new'
   () Users/stevenmcintyre/.rbenv/versions/2.1.2/lib/ruby/gems/2.1.0/bundler/gems/active_admin-5953cffdc14b/lib/active_admin/resource_controller/data_access.rb:137:in `build_new_resource'
   () Users/stevenmcintyre/.rbenv/versions/2.1.2/lib/ruby/gems/2.1.0/bundler/gems/active_admin-5953cffdc14b/lib/active_admin/resource_controller/data_access.rb:120:in `build_resource'
  inherited_resources (1.4.1) lib/inherited_resources/actions.rb:31:in `create'
  actionpack (4.1.4) lib/action_controller/metal/implicit_render.rb:4:in `send_action'
  actionpack (4.1.4) lib/abstract_controller/base.rb:189:in `process_action'
  actionpack (4.1.4) lib/action_controller/metal/rendering.rb:10:in `process_action'
  actionpack (4.1.4) lib/abstract_controller/callbacks.rb:20:in `block in process_action'
  activesupport (4.1.4) lib/active_support/callbacks.rb:113:in `call'
  activesupport (4.1.4) lib/active_support/callbacks.rb:166:in `block in halting'
  activesupport (4.1.4) lib/active_support/callbacks.rb:166:in `block in halting'
  activesupport (4.1.4) lib/active_support/callbacks.rb:166:in `block in halting'
  activesupport (4.1.4) lib/active_support/callbacks.rb:229:in `block in halting'
  activesupport (4.1.4) lib/active_support/callbacks.rb:166:in `block in halting'
  activesupport (4.1.4) lib/active_support/callbacks.rb:86:in `run_callbacks'
  actionpack (4.1.4) lib/abstract_controller/callbacks.rb:19:in `process_action'
  actionpack (4.1.4) lib/action_controller/metal/rescue.rb:29:in `process_action'
  actionpack (4.1.4) lib/action_controller/metal/instrumentation.rb:31:in `block in process_action'
  activesupport (4.1.4) lib/active_support/notifications.rb:159:in `block in instrument'
  activesupport (4.1.4) lib/active_support/notifications/instrumenter.rb:20:in `instrument'
  activesupport (4.1.4) lib/active_support/notifications.rb:159:in `instrument'
  actionpack (4.1.4) lib/action_controller/metal/instrumentation.rb:30:in `process_action'
  actionpack (4.1.4) lib/action_controller/metal/params_wrapper.rb:250:in `process_action'
  activerecord (4.1.4) lib/active_record/railties/controller_runtime.rb:18:in `process_action'
  actionpack (4.1.4) lib/abstract_controller/base.rb:136:in `process'
  actionview (4.1.4) lib/action_view/rendering.rb:30:in `process'
  actionpack (4.1.4) lib/action_controller/metal.rb:196:in `dispatch'
  actionpack (4.1.4) lib/action_controller/metal/rack_delegation.rb:13:in `dispatch'
  actionpack (4.1.4) lib/action_controller/metal.rb:232:in `block in action'
  actionpack (4.1.4) lib/action_dispatch/routing/route_set.rb:82:in `dispatch'
  actionpack (4.1.4) lib/action_dispatch/routing/route_set.rb:50:in `call'
  actionpack (4.1.4) lib/action_dispatch/journey/router.rb:71:in `block in call'
  actionpack (4.1.4) lib/action_dispatch/journey/router.rb:59:in `call'
  actionpack (4.1.4) lib/action_dispatch/routing/route_set.rb:678:in `call'
  meta_request (0.3.4) lib/meta_request/middlewares/app_request_handler.rb:13:in `call'
  meta_request (0.3.4) lib/meta_request/middlewares/meta_request_handler.rb:13:in `call'
  warden (1.2.3) lib/warden/manager.rb:35:in `block in call'
  warden (1.2.3) lib/warden/manager.rb:34:in `call'
  rack (1.5.2) lib/rack/etag.rb:23:in `call'
  rack (1.5.2) lib/rack/conditionalget.rb:35:in `call'
  rack (1.5.2) lib/rack/head.rb:11:in `call'
  actionpack (4.1.4) lib/action_dispatch/middleware/params_parser.rb:27:in `call'
  actionpack (4.1.4) lib/action_dispatch/middleware/flash.rb:254:in `call'
  rack (1.5.2) lib/rack/session/abstract/id.rb:225:in `context'
  rack (1.5.2) lib/rack/session/abstract/id.rb:220:in `call'
  actionpack (4.1.4) lib/action_dispatch/middleware/cookies.rb:560:in `call'
  activerecord (4.1.4) lib/active_record/query_cache.rb:36:in `call'
  activerecord (4.1.4) lib/active_record/connection_adapters/abstract/connection_pool.rb:621:in `call'
  activerecord (4.1.4) lib/active_record/migration.rb:380:in `call'
  actionpack (4.1.4) lib/action_dispatch/middleware/callbacks.rb:29:in `block in call'
  activesupport (4.1.4) lib/active_support/callbacks.rb:82:in `run_callbacks'
  actionpack (4.1.4) lib/action_dispatch/middleware/callbacks.rb:27:in `call'
  actionpack (4.1.4) lib/action_dispatch/middleware/reloader.rb:73:in `call'
  actionpack (4.1.4) lib/action_dispatch/middleware/remote_ip.rb:76:in `call'
  better_errors (1.1.0) lib/better_errors/middleware.rb:84:in `protected_app_call'
  better_errors (1.1.0) lib/better_errors/middleware.rb:79:in `better_errors_call'
  better_errors (1.1.0) lib/better_errors/middleware.rb:56:in `call'
  rack-contrib (1.1.0) lib/rack/contrib/response_headers.rb:17:in `call'
  meta_request (0.3.4) lib/meta_request/middlewares/headers.rb:16:in `call'
  actionpack (4.1.4) lib/action_dispatch/middleware/debug_exceptions.rb:17:in `call'
  actionpack (4.1.4) lib/action_dispatch/middleware/show_exceptions.rb:30:in `call'
  railties (4.1.4) lib/rails/rack/logger.rb:38:in `call_app'
  railties (4.1.4) lib/rails/rack/logger.rb:20:in `block in call'
  activesupport (4.1.4) lib/active_support/tagged_logging.rb:68:in `block in tagged'
  activesupport (4.1.4) lib/active_support/tagged_logging.rb:26:in `tagged'
  activesupport (4.1.4) lib/active_support/tagged_logging.rb:68:in `tagged'
  railties (4.1.4) lib/rails/rack/logger.rb:20:in `call'
  quiet_assets (1.0.3) lib/quiet_assets.rb:23:in `call_with_quiet_assets'
  actionpack (4.1.4) lib/action_dispatch/middleware/request_id.rb:21:in `call'
  rack (1.5.2) lib/rack/methodoverride.rb:21:in `call'
  rack (1.5.2) lib/rack/runtime.rb:17:in `call'
  activesupport (4.1.4) lib/active_support/cache/strategy/local_cache_middleware.rb:26:in `call'
  rack (1.5.2) lib/rack/lock.rb:17:in `call'
  actionpack (4.1.4) lib/action_dispatch/middleware/static.rb:64:in `call'
  rack (1.5.2) lib/rack/sendfile.rb:112:in `call'
  railties (4.1.4) lib/rails/engine.rb:514:in `call'
  railties (4.1.4) lib/rails/application.rb:144:in `call'
  rack (1.5.2) lib/rack/lock.rb:17:in `call'
  rack (1.5.2) lib/rack/content_length.rb:14:in `call'
  rack (1.5.2) lib/rack/handler/webrick.rb:60:in `service'
  /Users/stevenmcintyre/.rbenv/versions/2.1.2/lib/ruby/2.1.0/webrick/httpserver.rb:138:in `service'
  /Users/stevenmcintyre/.rbenv/versions/2.1.2/lib/ruby/2.1.0/webrick/httpserver.rb:94:in `run'
  /Users/stevenmcintyre/.rbenv/versions/2.1.2/lib/ruby/2.1.0/webrick/server.rb:295:in `block in start_thread'



Started POST "/__better_errors/70238412893800/variables" for 127.0.0.1 at 2014-07-30 14:00:47 +0100


Started POST "/__better_errors/70238412893800/variables" for 127.0.0.1 at 2014-07-30 14:01:50 +0100


Started POST "/admin/contacts" for 127.0.0.1 at 2014-07-30 14:03:31 +0100
Processing by Admin::ContactsController#create as HTML
  Parameters: {"utf8"=>"✓", "authenticity_token"=>"C8m4+/VBcWTw85+RYGCFOqxGC+TV5wkaRjtnmx3hSlc=", "contact"=>{"first_name"=>"first", "last_name"=>"last", "email"=>"steve@test.com", "title"=>"test title"}, "commit"=>"Create Contact"}
  [1m[35mAdminUser Load (0.5ms)[0m  SELECT  "admin_users".* FROM "admin_users"  WHERE "admin_users"."id" = 1  ORDER BY "admin_users"."id" ASC LIMIT 1
Unpermitted parameters: utf8, authenticity_token, commit
  [1m[36m (0.2ms)[0m  [1mBEGIN[0m
  [1m[35mContact Exists (5.6ms)[0m  SELECT  1 AS one FROM "contacts"  WHERE "contacts"."email" = 'steve@test.com' LIMIT 1
  [1m[36mSQL (4.5ms)[0m  [1mINSERT INTO "contacts" ("created_at", "email", "first_name", "last_name", "title", "updated_at") VALUES ($1, $2, $3, $4, $5, $6) RETURNING "id"[0m  [["created_at", "2014-07-30 13:03:31.874624"], ["email", "steve@test.com"], ["first_name", "first"], ["last_name", "last"], ["title", "test title"], ["updated_at", "2014-07-30 13:03:31.874624"]]
  [1m[35m (1.9ms)[0m  COMMIT
Redirected to http://0.0.0.0:3000/admin/contacts/2
Completed 302 Found in 111ms (ActiveRecord: 17.6ms)


Started GET "/admin/contacts/2" for 127.0.0.1 at 2014-07-30 14:03:31 +0100
Processing by Admin::ContactsController#show as HTML
  Parameters: {"id"=>"2"}
  [1m[36mAdminUser Load (0.4ms)[0m  [1mSELECT  "admin_users".* FROM "admin_users"  WHERE "admin_users"."id" = 1  ORDER BY "admin_users"."id" ASC LIMIT 1[0m
  [1m[35mContact Load (0.4ms)[0m  SELECT  "contacts".* FROM "contacts"  WHERE "contacts"."id" = $1 LIMIT 1  [["id", 2]]
  [1m[36m (11.3ms)[0m  [1mSELECT COUNT(*) FROM "active_admin_comments"  WHERE "active_admin_comments"."resource_type" = 'Contact' AND "active_admin_comments"."resource_id" = '2' AND "active_admin_comments"."namespace" = 'admin'[0m
  [1m[35mCACHE (0.0ms)[0m  SELECT COUNT(*) FROM "active_admin_comments"  WHERE "active_admin_comments"."resource_type" = 'Contact' AND "active_admin_comments"."resource_id" = '2' AND "active_admin_comments"."namespace" = 'admin'
  Rendered /Users/stevenmcintyre/.rbenv/versions/2.1.2/lib/ruby/gems/2.1.0/bundler/gems/active_admin-5953cffdc14b/app/views/active_admin/resource/show.html.arb (96.4ms)
Completed 200 OK in 114ms (Views: 90.3ms | ActiveRecord: 13.9ms)


Started GET "/admin/contacts" for 127.0.0.1 at 2014-07-30 15:42:38 +0100
  [1m[36mActiveRecord::SchemaMigration Load (6.9ms)[0m  [1mSELECT "schema_migrations".* FROM "schema_migrations"[0m
Processing by Admin::ContactsController#index as HTML
  [1m[35mAdminUser Load (6.2ms)[0m  SELECT  "admin_users".* FROM "admin_users"  WHERE "admin_users"."id" = 1  ORDER BY "admin_users"."id" ASC LIMIT 1
  [1m[36m (1.3ms)[0m  [1mSELECT COUNT(count_column) FROM (SELECT  1 AS count_column FROM "contacts"  LIMIT 30 OFFSET 0) subquery_for_count[0m
  [1m[35mCACHE (0.0ms)[0m  SELECT COUNT(count_column) FROM (SELECT  1 AS count_column FROM "contacts"  LIMIT 30 OFFSET 0) subquery_for_count
  [1m[36m (0.4ms)[0m  [1mSELECT COUNT(*) FROM "contacts"[0m
  [1m[35mCACHE (0.0ms)[0m  SELECT COUNT(count_column) FROM (SELECT  1 AS count_column FROM "contacts"  LIMIT 30 OFFSET 0) subquery_for_count
  [1m[36mContact Load (6.6ms)[0m  [1mSELECT  "contacts".* FROM "contacts"   ORDER BY "contacts"."id" desc LIMIT 30 OFFSET 0[0m
  Rendered /Users/stevenmcintyre/.rbenv/versions/2.1.2/lib/ruby/gems/2.1.0/bundler/gems/active_admin-5953cffdc14b/app/views/active_admin/resource/index.html.arb (487.0ms)
Completed 200 OK in 573ms (Views: 494.0ms | ActiveRecord: 18.8ms)


Started GET "/documentation" for 127.0.0.1 at 2014-07-30 15:43:17 +0100
Processing by GrapeSwaggerRails::ApplicationController#index as HTML
  Rendered /Users/stevenmcintyre/.rbenv/versions/2.1.2/lib/ruby/gems/2.1.0/gems/grape-swagger-rails-0.0.8/app/views/grape_swagger_rails/application/index.html.erb (412.6ms)
Completed 200 OK in 420ms (Views: 419.2ms | ActiveRecord: 0.0ms)


Started GET "/api/v1/swagger_doc.json" for 127.0.0.1 at 2014-07-30 15:43:18 +0100


Started GET "/api/v1/swagger_doc.json" for 127.0.0.1 at 2014-07-30 15:43:18 +0100


Started GET "/api/v1/swagger_doc/contacts" for 127.0.0.1 at 2014-07-30 15:43:18 +0100


Started GET "/api/v1/swagger_doc/contacts" for 127.0.0.1 at 2014-07-30 15:43:18 +0100


Started GET "/api/v1/contacts" for 127.0.0.1 at 2014-07-30 15:43:52 +0100
  [1m[35mContact Load (0.5ms)[0m  SELECT "contacts".* FROM "contacts"


Started GET "/" for 127.0.0.1 at 2014-07-30 15:55:59 +0100
Processing by Rails::WelcomeController#index as HTML
  Rendered /Users/stevenmcintyre/.rbenv/versions/2.1.2/lib/ruby/gems/2.1.0/gems/railties-4.1.4/lib/rails/templates/rails/welcome/index.html.erb (5.0ms)
Completed 200 OK in 19ms (Views: 17.2ms | ActiveRecord: 0.0ms)


Started GET "/api/v1/contacts" for 127.0.0.1 at 2014-07-30 15:56:09 +0100
  [1m[36mContact Load (13.4ms)[0m  [1mSELECT "contacts".* FROM "contacts"[0m


Started GET "/api/v1/contacts/2" for 127.0.0.1 at 2014-07-30 15:56:52 +0100
  [1m[35mContact Load (1.3ms)[0m  SELECT  "contacts".* FROM "contacts"  WHERE "contacts"."id" = 2  ORDER BY "contacts"."id" ASC LIMIT 1


Started GET "/api/v1/contacts/3" for 127.0.0.1 at 2014-07-30 15:56:56 +0100
  [1m[36mContact Load (0.7ms)[0m  [1mSELECT  "contacts".* FROM "contacts"  WHERE "contacts"."id" = 3  ORDER BY "contacts"."id" ASC LIMIT 1[0m


Started GET "/api/v1/contacts/5" for 127.0.0.1 at 2014-07-30 15:57:05 +0100
  [1m[35mContact Load (0.6ms)[0m  SELECT  "contacts".* FROM "contacts"  WHERE "contacts"."id" = 5  ORDER BY "contacts"."id" ASC LIMIT 1


Started GET "/api/v1/swagger_doc/contacts" for 127.0.0.1 at 2014-07-30 15:57:25 +0100
  [1m[36m (0.3ms)[0m  [1mBEGIN[0m
  [1m[35mContact Exists (2.8ms)[0m  SELECT  1 AS one FROM "contacts"  WHERE "contacts"."email" = 'keenan.rohan@mullermurazik.info' LIMIT 1
  [1m[36mSQL (0.6ms)[0m  [1mINSERT INTO "contacts" ("created_at", "email", "first_name", "last_name", "title", "updated_at") VALUES ($1, $2, $3, $4, $5, $6) RETURNING "id"[0m  [["created_at", "2014-07-30 14:58:49.090638"], ["email", "keenan.rohan@mullermurazik.info"], ["first_name", "Chaim"], ["last_name", "Wyman"], ["title", "Senior Brand Assistant"], ["updated_at", "2014-07-30 14:58:49.090638"]]
  [1m[35m (19.0ms)[0m  COMMIT
  [1m[36m (0.2ms)[0m  [1mBEGIN[0m
  [1m[35mContact Exists (0.4ms)[0m  SELECT  1 AS one FROM "contacts"  WHERE "contacts"."email" = 'eliza_thiel@wiegand.net' LIMIT 1
  [1m[36mSQL (0.3ms)[0m  [1mINSERT INTO "contacts" ("created_at", "email", "first_name", "last_name", "title", "updated_at") VALUES ($1, $2, $3, $4, $5, $6) RETURNING "id"[0m  [["created_at", "2014-07-30 14:58:49.130366"], ["email", "eliza_thiel@wiegand.net"], ["first_name", "Kendra"], ["last_name", "Marquardt"], ["title", "Product Assurance Director"], ["updated_at", "2014-07-30 14:58:49.130366"]]
  [1m[35m (0.5ms)[0m  COMMIT
  [1m[36m (0.1ms)[0m  [1mBEGIN[0m
  [1m[35mContact Exists (0.4ms)[0m  SELECT  1 AS one FROM "contacts"  WHERE "contacts"."email" = 'madisen_bartoletti@kozeyglover.org' LIMIT 1
  [1m[36mSQL (0.3ms)[0m  [1mINSERT INTO "contacts" ("created_at", "email", "first_name", "last_name", "title", "updated_at") VALUES ($1, $2, $3, $4, $5, $6) RETURNING "id"[0m  [["created_at", "2014-07-30 14:58:49.141441"], ["email", "madisen_bartoletti@kozeyglover.org"], ["first_name", "Alvena"], ["last_name", "Streich"], ["title", "Customer Program Supervisor"], ["updated_at", "2014-07-30 14:58:49.141441"]]
  [1m[35m (0.8ms)[0m  COMMIT
  [1m[36m (0.2ms)[0m  [1mBEGIN[0m
  [1m[35mContact Exists (0.5ms)[0m  SELECT  1 AS one FROM "contacts"  WHERE "contacts"."email" = 'kaylie@reichelglover.com' LIMIT 1
  [1m[36mSQL (0.4ms)[0m  [1mINSERT INTO "contacts" ("created_at", "email", "first_name", "last_name", "title", "updated_at") VALUES ($1, $2, $3, $4, $5, $6) RETURNING "id"[0m  [["created_at", "2014-07-30 14:58:49.156796"], ["email", "kaylie@reichelglover.com"], ["first_name", "Anya"], ["last_name", "Borer"], ["title", "Corporate Usability Technician"], ["updated_at", "2014-07-30 14:58:49.156796"]]
  [1m[35m (0.6ms)[0m  COMMIT
  [1m[36m (0.2ms)[0m  [1mBEGIN[0m
  [1m[35mContact Exists (0.4ms)[0m  SELECT  1 AS one FROM "contacts"  WHERE "contacts"."email" = 'juliana@mcglynn.biz' LIMIT 1
  [1m[36mSQL (0.3ms)[0m  [1mINSERT INTO "contacts" ("created_at", "email", "first_name", "last_name", "title", "updated_at") VALUES ($1, $2, $3, $4, $5, $6) RETURNING "id"[0m  [["created_at", "2014-07-30 14:58:49.169422"], ["email", "juliana@mcglynn.biz"], ["first_name", "Frankie"], ["last_name", "Abshire"], ["title", "Direct Functionality Strategist"], ["updated_at", "2014-07-30 14:58:49.169422"]]
  [1m[35m (0.5ms)[0m  COMMIT
  [1m[36m (0.1ms)[0m  [1mBEGIN[0m
  [1m[35mContact Exists (0.3ms)[0m  SELECT  1 AS one FROM "contacts"  WHERE "contacts"."email" = 'jerome.volkman@eichmann.name' LIMIT 1
  [1m[36mSQL (0.3ms)[0m  [1mINSERT INTO "contacts" ("created_at", "email", "first_name", "last_name", "title", "updated_at") VALUES ($1, $2, $3, $4, $5, $6) RETURNING "id"[0m  [["created_at", "2014-07-30 14:58:49.180301"], ["email", "jerome.volkman@eichmann.name"], ["first_name", "Lorna"], ["last_name", "Kuhlman"], ["title", "International Accountability Coordinator"], ["updated_at", "2014-07-30 14:58:49.180301"]]
  [1m[35m (0.5ms)[0m  COMMIT
  [1m[36m (0.2ms)[0m  [1mBEGIN[0m
  [1m[35mContact Exists (0.4ms)[0m  SELECT  1 AS one FROM "contacts"  WHERE "contacts"."email" = 'audrey@rolfsonlittel.biz' LIMIT 1
  [1m[36mSQL (0.3ms)[0m  [1mINSERT INTO "contacts" ("created_at", "email", "first_name", "last_name", "title", "updated_at") VALUES ($1, $2, $3, $4, $5, $6) RETURNING "id"[0m  [["created_at", "2014-07-30 14:58:49.192402"], ["email", "audrey@rolfsonlittel.biz"], ["first_name", "Mina"], ["last_name", "Gorczany"], ["title", "Dynamic Solutions Liason"], ["updated_at", "2014-07-30 14:58:49.192402"]]
  [1m[35m (6.1ms)[0m  COMMIT
  [1m[36m (0.2ms)[0m  [1mBEGIN[0m
  [1m[35mContact Exists (0.3ms)[0m  SELECT  1 AS one FROM "contacts"  WHERE "contacts"."email" = 'jovani.schaefer@abernathycorkery.info' LIMIT 1
  [1m[36mSQL (0.3ms)[0m  [1mINSERT INTO "contacts" ("created_at", "email", "first_name", "last_name", "title", "updated_at") VALUES ($1, $2, $3, $4, $5, $6) RETURNING "id"[0m  [["created_at", "2014-07-30 14:58:49.214313"], ["email", "jovani.schaefer@abernathycorkery.info"], ["first_name", "Elwyn"], ["last_name", "Rempel"], ["title", "Human Factors Representative"], ["updated_at", "2014-07-30 14:58:49.214313"]]
  [1m[35m (0.6ms)[0m  COMMIT
  [1m[36m (0.2ms)[0m  [1mBEGIN[0m
  [1m[35mContact Exists (0.4ms)[0m  SELECT  1 AS one FROM "contacts"  WHERE "contacts"."email" = 'carlos_oreilly@hills.name' LIMIT 1
  [1m[36mSQL (0.3ms)[0m  [1mINSERT INTO "contacts" ("created_at", "email", "first_name", "last_name", "title", "updated_at") VALUES ($1, $2, $3, $4, $5, $6) RETURNING "id"[0m  [["created_at", "2014-07-30 14:58:49.226486"], ["email", "carlos_oreilly@hills.name"], ["first_name", "Keshawn"], ["last_name", "Kassulke"], ["title", "Global Security Supervisor"], ["updated_at", "2014-07-30 14:58:49.226486"]]
  [1m[35m (0.6ms)[0m  COMMIT
  [1m[36m (0.2ms)[0m  [1mBEGIN[0m
  [1m[35mContact Exists (0.3ms)[0m  SELECT  1 AS one FROM "contacts"  WHERE "contacts"."email" = 'phyllis.green@koch.info' LIMIT 1
  [1m[36mSQL (0.2ms)[0m  [1mINSERT INTO "contacts" ("created_at", "email", "first_name", "last_name", "title", "updated_at") VALUES ($1, $2, $3, $4, $5, $6) RETURNING "id"[0m  [["created_at", "2014-07-30 14:58:49.237313"], ["email", "phyllis.green@koch.info"], ["first_name", "Jordan"], ["last_name", "Franecki"], ["title", "Human Paradigm Planner"], ["updated_at", "2014-07-30 14:58:49.237313"]]
  [1m[35m (0.4ms)[0m  COMMIT


Started GET "/documentation" for 127.0.0.1 at 2014-07-30 16:00:04 +0100
Processing by GrapeSwaggerRails::ApplicationController#index as HTML
  Rendered /Users/stevenmcintyre/.rbenv/versions/2.1.2/lib/ruby/gems/2.1.0/gems/grape-swagger-rails-0.0.8/app/views/grape_swagger_rails/application/index.html.erb (13.5ms)
Completed 200 OK in 40ms (Views: 38.9ms | ActiveRecord: 0.0ms)


Started GET "/api/v1/swagger_doc.json" for 127.0.0.1 at 2014-07-30 16:00:05 +0100


Started GET "/api/v1/swagger_doc.json" for 127.0.0.1 at 2014-07-30 16:00:05 +0100


Started GET "/api/v1/swagger_doc/contacts" for 127.0.0.1 at 2014-07-30 16:00:05 +0100


Started GET "/api/v1/swagger_doc/contacts" for 127.0.0.1 at 2014-07-30 16:00:05 +0100


Started GET "/api/v1/contacts" for 127.0.0.1 at 2014-07-30 16:00:08 +0100
  [1m[36mContact Load (0.5ms)[0m  [1mSELECT "contacts".* FROM "contacts"[0m


Started GET "/api/v1/contacts" for 127.0.0.1 at 2014-07-30 16:01:02 +0100
  [1m[35mContact Load (0.5ms)[0m  SELECT "contacts".* FROM "contacts"
